<?xml version="1.0" encoding="utf-8"?><testsuites name="pytest tests"><testsuite name="pytest" errors="0" failures="0" skipped="0" tests="23" time="4.576" timestamp="2026-02-23T21:26:12.590100+00:00" hostname="agent-env-b6a9e34c-40f9-4df6-b06c-b8ce3153f0f2"><testcase classname="backend.tests.test_admin_endpoints.TestHealthCheck" name="test_api_root" time="0.427" /><testcase classname="backend.tests.test_admin_endpoints.TestSubscriptionStats" name="test_subscription_stats_endpoint_exists" time="0.182" /><testcase classname="backend.tests.test_admin_endpoints.TestSubscriptionStats" name="test_subscription_stats_response_structure" time="0.194" /><testcase classname="backend.tests.test_admin_endpoints.TestSubscriptionStats" name="test_subscription_stats_data_types" time="0.132" /><testcase classname="backend.tests.test_admin_endpoints.TestSetTierEndpoint" name="test_set_tier_endpoint_exists" time="0.195" /><testcase classname="backend.tests.test_admin_endpoints.TestSetTierEndpoint" name="test_set_tier_premium" time="0.135" /><testcase classname="backend.tests.test_admin_endpoints.TestSetTierEndpoint" name="test_set_tier_basic" time="0.144" /><testcase classname="backend.tests.test_admin_endpoints.TestSetTierEndpoint" name="test_set_tier_free" time="0.149" /><testcase classname="backend.tests.test_admin_endpoints.TestSetTierEndpoint" name="test_set_tier_invalid_tier" time="0.201" /><testcase classname="backend.tests.test_admin_endpoints.TestSetTierEndpoint" name="test_set_tier_missing_user_id" time="0.181" /><testcase classname="backend.tests.test_admin_endpoints.TestSetTierEndpoint" name="test_set_tier_missing_tier" time="0.115" /><testcase classname="backend.tests.test_admin_endpoints.TestSetFounderEndpoint" name="test_set_founder_endpoint_exists" time="0.152" /><testcase classname="backend.tests.test_admin_endpoints.TestSetFounderEndpoint" name="test_set_founder_enable" time="0.156" /><testcase classname="backend.tests.test_admin_endpoints.TestSetFounderEndpoint" name="test_set_founder_disable" time="0.121" /><testcase classname="backend.tests.test_admin_endpoints.TestSetFounderEndpoint" name="test_set_founder_missing_user_id" time="0.118" /><testcase classname="backend.tests.test_admin_endpoints.TestSetFounderEndpoint" name="test_set_founder_missing_is_founder" time="0.154" /><testcase classname="backend.tests.test_admin_endpoints.TestSearchUsersEndpoint" name="test_search_users_endpoint_exists" time="0.139" /><testcase classname="backend.tests.test_admin_endpoints.TestSearchUsersEndpoint" name="test_search_users_response_structure" time="0.139" /><testcase classname="backend.tests.test_admin_endpoints.TestSearchUsersEndpoint" name="test_search_users_with_query" time="0.120" /><testcase classname="backend.tests.test_admin_endpoints.TestSearchUsersEndpoint" name="test_search_users_with_limit" time="0.119" /><testcase classname="backend.tests.test_admin_endpoints.TestSearchUsersEndpoint" name="test_search_users_empty_body" time="0.314" /><testcase classname="backend.tests.test_admin_endpoints.TestIntegrationFlow" name="test_set_tier_and_verify_stats" time="0.397" /><testcase classname="backend.tests.test_admin_endpoints.TestIntegrationFlow" name="test_multiple_tier_changes" time="0.473" /></testsuite></testsuites>